{"/home/servatj/dummy-node/src/app.js": {"path":"/home/servatj/dummy-node/src/app.js","statementMap":{"0":{"start":{"line":2,"column":20},"end":{"line":2,"column":38}},"1":{"start":{"line":3,"column":19},"end":{"line":3,"column":44}},"2":{"start":{"line":6,"column":16},"end":{"line":6,"column":25}},"3":{"start":{"line":9,"column":4},"end":{"line":11,"column":7}},"4":{"start":{"line":10,"column":6},"end":{"line":10,"column":37}},"5":{"start":{"line":13,"column":4},"end":{"line":13,"column":25}}},"fnMap":{"0":{"name":"(anonymous_0)","decl":{"start":{"line":9,"column":17},"end":{"line":9,"column":18}},"loc":{"start":{"line":9,"column":37},"end":{"line":11,"column":5}},"line":9}},"branchMap":{},"s":{"0":1,"1":1,"2":1,"3":1,"4":1,"5":1},"f":{"0":1},"b":{},"_coverageSchema":"1a1c01bbd47fc00a2c39e90264f33305004495a9","hash":"b73af876bb07a6726bc2644f99564859ed1fe836"}
,"/home/servatj/dummy-node/src/utils/logger.js": {"path":"/home/servatj/dummy-node/src/utils/logger.js","statementMap":{"0":{"start":{"line":1,"column":45},"end":{"line":1,"column":63}},"1":{"start":{"line":2,"column":16},"end":{"line":2,"column":40}},"2":{"start":{"line":3,"column":0},"end":{"line":3,"column":37}},"3":{"start":{"line":5,"column":15},"end":{"line":34,"column":23}},"4":{"start":{"line":10,"column":30},"end":{"line":10,"column":125}},"5":{"start":{"line":36,"column":0},"end":{"line":36,"column":24}}},"fnMap":{"0":{"name":"(anonymous_0)","decl":{"start":{"line":10,"column":22},"end":{"line":10,"column":23}},"loc":{"start":{"line":10,"column":30},"end":{"line":10,"column":125}},"line":10}},"branchMap":{"0":{"loc":{"start":{"line":10,"column":82},"end":{"line":10,"column":124}},"type":"cond-expr","locations":[{"start":{"line":10,"column":105},"end":{"line":10,"column":120}},{"start":{"line":10,"column":121},"end":{"line":10,"column":124}}],"line":10}},"s":{"0":1,"1":1,"2":1,"3":1,"4":0,"5":1},"f":{"0":0},"b":{"0":[0,0]},"_coverageSchema":"1a1c01bbd47fc00a2c39e90264f33305004495a9","hash":"e87862977aee443b2632b950fa93b2aedd7cbdca"}
}
